[03.12.2016 22:31:37]: [Info]		Hello >Ignore<
[03.12.2016 22:31:37]: [Info]		first: next prime is 3
[03.12.2016 22:31:37]: [Info]		second: next prime is 5
[03.12.2016 22:31:37]: [Info]		second: next prime is 7
[03.12.2016 22:31:37]: [Info]		second: next prime is 11

.
[03.12.2016 22:31:55]: [Info]		Hello >Ignore<
[03.12.2016 22:31:55]: [Info]		first: next prime is 3
[03.12.2016 22:31:55]: [Info]		second: next prime is 5
[03.12.2016 22:31:55]: [Info]		second: next prime is 7
[03.12.2016 22:31:55]: [Info]		second: next prime is 11

.
[03.12.2016 22:32:29]: [Info]		Hello >Ignore<
[03.12.2016 22:32:29]: [Info]		first: next prime is 3
[03.12.2016 22:32:29]: [Info]		second: next prime is 5
[03.12.2016 22:32:30]: [Info]		second: next prime is 7
[03.12.2016 22:32:30]: [Info]		second: next prime is 11

.
[03.12.2016 22:33:25]: [Info]		Hello >Ignore<
[03.12.2016 22:33:25]: [Info]		first: next prime is 3
[03.12.2016 22:33:25]: [Info]		second: next prime is 5
[03.12.2016 22:33:25]: [Info]		second: next prime is 7
[03.12.2016 22:33:26]: [Stats]		thread 'first' finished with 4/1 numbers/primers
[03.12.2016 22:33:26]: [Info]		second: next prime is 11
[03.12.2016 22:33:26]: [Stats]		thread 'second' finished with 5/3 numbers/primers
[03.12.2016 22:33:26]: [Stats]		time of work is 0,6875 secs

.
